<?xml version="1.0" encoding="UTF-8"?>
<!-- Generated by org.testng.reporters.JUnitReportReporter -->
<testsuite hostname="L86HQ1Z2" failures="1" tests="23" name="analyzer.Page2Test" time="23.769" errors="0" timestamp="2020-11-05T15:12:21 CET" skipped="0">
  <testcase classname="analyzer.Page2Test" name="bg_CreditAmountMoreThanMax" time="0.452"/>
  <system-out/>
  <testcase classname="analyzer.Page2Test" name="bb_correctTypeCreditLink" time="0.042"/>
  <system-out/>
  <testcase classname="analyzer.Page2Test" name="be_CreditAmountEmptyImput" time="1.041"/>
  <system-out/>
  <testcase classname="analyzer.Page2Test" name="bm_InstalltmentsValueRadio" time="0.135"/>
  <system-out/>
  <testcase classname="analyzer.Page2Test" name="bz_tooltipHowToPay" time="0.422"/>
  <system-out/>
  <testcase classname="analyzer.Page2Test" name="br_InstalltmentsValueMoreThanMax" time="0.355"/>
  <system-out/>
  <testcase classname="analyzer.Page2Test" name="bs_RelationInstallmentsMLessThanMin" time="1.947"/>
  <system-out/>
  <testcase classname="analyzer.Page2Test" name="bp_InstalltmentsValueLessThanMin" time="0.276"/>
  <system-out/>
  <testcase classname="analyzer.Page2Test" name="bw_RelationInstallmentsTooLarge" time="1.765"/>
  <system-out/>
  <testcase classname="analyzer.Page2Test" name="ba_AgreementCheckbox" time="2.322"/>
  <system-out/>
  <testcase classname="analyzer.Page2Test" name="bk_InstalltmentsCountLessThanMin" time="0.317"/>
  <system-out/>
  <testcase classname="analyzer.Page2Test" name="bl_InstalltmentsCountMoreThanMax" time="0.321"/>
  <system-out/>
  <testcase classname="analyzer.Page2Test" name="bd_CreditAmountSlider" time="2.270"/>
  <system-out/>
  <testcase classname="analyzer.Page2Test" name="bi_InstalltmentsCountSlider" time="1.986"/>
  <system-out/>
  <testcase classname="analyzer.Page2Test" name="bf_CreditAmountLessThanMin" time="0.514"/>
  <system-out/>
  <testcase classname="analyzer.Page2Test" name="bc_propertyValueVisible" time="2.255">
    <failure message="expected [false] but found [true]" type="java.lang.AssertionError">
      <![CDATA[java.lang.AssertionError: expected [false] but found [true]
at org.testng.Assert.fail(Assert.java:99)
at org.testng.Assert.failNotEquals(Assert.java:1037)
at org.testng.Assert.assertFalse(Assert.java:67)
at org.testng.Assert.assertFalse(Assert.java:77)
at analyzer.Page2Test.bc_propertyValueVisible(Page2Test.java:68)
at java.base/jdk.internal.reflect.NativeMethodAccessorImpl.invoke0(Native Method)
at java.base/jdk.internal.reflect.NativeMethodAccessorImpl.invoke(NativeMethodAccessorImpl.java:62)
at java.base/jdk.internal.reflect.DelegatingMethodAccessorImpl.invoke(DelegatingMethodAccessorImpl.java:43)
at java.base/java.lang.reflect.Method.invoke(Method.java:566)
at org.testng.internal.MethodInvocationHelper.invokeMethod(MethodInvocationHelper.java:132)
at org.testng.internal.TestInvoker.invokeMethod(TestInvoker.java:599)
at org.testng.internal.TestInvoker.invokeTestMethod(TestInvoker.java:174)
at org.testng.internal.MethodRunner.runInSequence(MethodRunner.java:46)
at org.testng.internal.TestInvoker$MethodInvocationAgent.invoke(TestInvoker.java:822)
at org.testng.internal.TestInvoker.invokeTestMethods(TestInvoker.java:147)
at org.testng.internal.TestMethodWorker.invokeTestMethods(TestMethodWorker.java:146)
at org.testng.internal.TestMethodWorker.run(TestMethodWorker.java:128)
at java.base/java.util.ArrayList.forEach(ArrayList.java:1541)
at org.testng.TestRunner.privateRun(TestRunner.java:764)
at org.testng.TestRunner.run(TestRunner.java:585)
at org.testng.SuiteRunner.runTest(SuiteRunner.java:384)
at org.testng.SuiteRunner.runSequentially(SuiteRunner.java:378)
at org.testng.SuiteRunner.privateRun(SuiteRunner.java:337)
at org.testng.SuiteRunner.run(SuiteRunner.java:286)
at org.testng.SuiteRunnerWorker.runSuite(SuiteRunnerWorker.java:53)
at org.testng.SuiteRunnerWorker.run(SuiteRunnerWorker.java:96)
at org.testng.TestNG.runSuitesSequentially(TestNG.java:1218)
at org.testng.TestNG.runSuitesLocally(TestNG.java:1140)
at org.testng.TestNG.runSuites(TestNG.java:1069)
at org.testng.TestNG.run(TestNG.java:1037)
at org.testng.remote.AbstractRemoteTestNG.run(AbstractRemoteTestNG.java:115)
at org.testng.remote.RemoteTestNG.initAndRun(RemoteTestNG.java:251)
at org.testng.remote.RemoteTestNG.main(RemoteTestNG.java:77)
]]>
    </failure>
  </testcase> <!-- bc_propertyValueVisible -->
  <system-out/>
  <testcase classname="analyzer.Page2Test" name="by_tooltipAmount" time="0.355"/>
  <system-out/>
  <testcase classname="analyzer.Page2Test" name="bh_InstalltmentsCountRadio" time="0.237"/>
  <system-out/>
  <testcase classname="analyzer.Page2Test" name="bn_InstalltmentsValueSlider" time="1.955"/>
  <system-out/>
  <testcase classname="analyzer.Page2Test" name="bt_RelationInstallmentsMoreThanMax" time="1.857"/>
  <system-out/>
  <testcase classname="analyzer.Page2Test" name="bu_RelationInstallmentsTooSmall" time="1.835"/>
  <system-out/>
  <testcase classname="analyzer.Page2Test" name="bj_InstalltmentsCountEmptyImput" time="0.530"/>
  <system-out/>
  <testcase classname="analyzer.Page2Test" name="bo_InstalltmentsValueEmptyImput" time="0.580"/>
  <system-out/>
</testsuite> <!-- analyzer.Page2Test -->
