<?xml version="1.0" encoding="UTF-8"?>
<!-- Generated by org.testng.reporters.JUnitXMLReporter -->
<testsuite ignored="24" hostname="L86HQ1Z2" failures="1" tests="1" name="TestConsumerAnalyzer(failed)" time="14.991" errors="0" timestamp="2020-09-16T09:35:20 CEST">
  <testcase classname="analyzer.ConsumerAnalyzerTest" name="bc_InstalltmentsValue" time="0.027">
    <failure type="org.openqa.selenium.NoSuchElementException" message="no such element: Unable to locate element: {&amp;quot;method&amp;quot;:&amp;quot;xpath&amp;quot;,&amp;quot;selector&amp;quot;:&amp;quot;//label[contains(text(),&amp;apos;wysoko&amp;apos;)]&amp;quot;}
  (Session info: chrome=85.0.4183.102)
For documentation on this error, please visit: https://www.seleniumhq.org/exceptions/no_such_element.html
Build info: version: &amp;apos;3.141.59&amp;apos;, revision: &amp;apos;e82be7d358&amp;apos;, time: &amp;apos;2018-11-14T08:25:48&amp;apos;
System info: host: &amp;apos;L86HQ1Z2&amp;apos;, ip: &amp;apos;192.168.1.16&amp;apos;, os.name: &amp;apos;Windows 10&amp;apos;, os.arch: &amp;apos;amd64&amp;apos;, os.version: &amp;apos;10.0&amp;apos;, java.version: &amp;apos;11.0.8&amp;apos;
Driver info: org.openqa.selenium.chrome.ChromeDriver
Capabilities {acceptInsecureCerts: false, browserName: chrome, browserVersion: 85.0.4183.102, chrome: {chromedriverVersion: 85.0.4183.87 (cd6713ebf92fa..., userDataDir: C:\Users\IGA~1.GAW\AppData\...}, goog:chromeOptions: {debuggerAddress: localhost:49217}, javascriptEnabled: true, networkConnectionEnabled: false, pageLoadStrategy: normal, platform: WINDOWS, platformName: WINDOWS, proxy: Proxy(), setWindowRect: true, strictFileInteractability: false, timeouts: {implicit: 0, pageLoad: 300000, script: 30000}, unhandledPromptBehavior: dismiss and notify, webauthn:virtualAuthenticators: true}
Session ID: 566b4e04bb6666edfa8b6bca4d35577b
*** Element info: {Using=xpath, value=//label[contains(text(),&amp;apos;wysoko&amp;apos;)]}">
      <![CDATA[org.openqa.selenium.NoSuchElementException: no such element: Unable to locate element: {"method":"xpath","selector":"//label[contains(text(),'wysoko')]"}
  (Session info: chrome=85.0.4183.102)
For documentation on this error, please visit: https://www.seleniumhq.org/exceptions/no_such_element.html
Build info: version: '3.141.59', revision: 'e82be7d358', time: '2018-11-14T08:25:48'
System info: host: 'L86HQ1Z2', ip: '192.168.1.16', os.name: 'Windows 10', os.arch: 'amd64', os.version: '10.0', java.version: '11.0.8'
Driver info: org.openqa.selenium.chrome.ChromeDriver
Capabilities {acceptInsecureCerts: false, browserName: chrome, browserVersion: 85.0.4183.102, chrome: {chromedriverVersion: 85.0.4183.87 (cd6713ebf92fa..., userDataDir: C:\Users\IGA~1.GAW\AppData\...}, goog:chromeOptions: {debuggerAddress: localhost:49217}, javascriptEnabled: true, networkConnectionEnabled: false, pageLoadStrategy: normal, platform: WINDOWS, platformName: WINDOWS, proxy: Proxy(), setWindowRect: true, strictFileInteractability: false, timeouts: {implicit: 0, pageLoad: 300000, script: 30000}, unhandledPromptBehavior: dismiss and notify, webauthn:virtualAuthenticators: true}
Session ID: 566b4e04bb6666edfa8b6bca4d35577b
*** Element info: {Using=xpath, value=//label[contains(text(),'wysoko')]}
at org.openqa.selenium.remote.http.W3CHttpResponseCodec.createException(W3CHttpResponseCodec.java:187)
at org.openqa.selenium.remote.http.W3CHttpResponseCodec.decode(W3CHttpResponseCodec.java:122)
at org.openqa.selenium.remote.http.W3CHttpResponseCodec.decode(W3CHttpResponseCodec.java:49)
at org.openqa.selenium.remote.HttpCommandExecutor.execute(HttpCommandExecutor.java:158)
at org.openqa.selenium.remote.service.DriverCommandExecutor.execute(DriverCommandExecutor.java:83)
at org.openqa.selenium.remote.RemoteWebDriver.execute(RemoteWebDriver.java:552)
at org.openqa.selenium.remote.RemoteWebDriver.findElement(RemoteWebDriver.java:323)
at org.openqa.selenium.remote.RemoteWebDriver.findElementByXPath(RemoteWebDriver.java:428)
at org.openqa.selenium.By$ByXPath.findElement(By.java:353)
at org.openqa.selenium.remote.RemoteWebDriver.findElement(RemoteWebDriver.java:315)
at org.openqa.selenium.support.pagefactory.DefaultElementLocator.findElement(DefaultElementLocator.java:69)
at org.openqa.selenium.support.pagefactory.internal.LocatingElementHandler.invoke(LocatingElementHandler.java:38)
at com.sun.proxy.$Proxy12.click(Unknown Source)
at analyzer.ConsumerAnalyzerTest.bc_InstalltmentsValue(ConsumerAnalyzerTest.java:107)
at java.base/java.util.ArrayList.forEach(ArrayList.java:1541)
... Removed 31 stack frames]]>
    </failure>
  </testcase> <!-- bc_InstalltmentsValue -->
  <testcase classname="analyzer.ConsumerAnalyzerTest" name="cg_creditLimits" time="0.0">
    <ignored/>
  </testcase> <!-- cg_creditLimits -->
  <testcase classname="analyzer.ConsumerAnalyzerTest" name="cd_MonthIncome" time="0.0">
    <ignored/>
  </testcase> <!-- cd_MonthIncome -->
  <testcase classname="analyzer.ConsumerAnalyzerTest" name="aa_wasCalculationBefore" time="0.0">
    <ignored/>
  </testcase> <!-- aa_wasCalculationBefore -->
  <testcase classname="analyzer.ConsumerAnalyzerTest" name="ba_CreditAmount" time="0.0">
    <ignored/>
  </testcase> <!-- ba_CreditAmount -->
  <testcase classname="analyzer.ConsumerAnalyzerTest" name="bf_submit" time="0.0">
    <ignored/>
  </testcase> <!-- bf_submit -->
  <testcase classname="analyzer.ConsumerAnalyzerTest" name="ab_TypeCredit" time="0.0">
    <ignored/>
  </testcase> <!-- ab_TypeCredit -->
  <testcase classname="analyzer.ConsumerAnalyzerTest" name="ce_legalCharges" time="0.0">
    <ignored/>
  </testcase> <!-- ce_legalCharges -->
  <testcase classname="analyzer.ConsumerAnalyzerTest" name="cb_backButton" time="0.0">
    <ignored/>
  </testcase> <!-- cb_backButton -->
  <testcase classname="analyzer.ConsumerAnalyzerTest" name="ck_count" time="0.0">
    <ignored/>
  </testcase> <!-- ck_count -->
  <testcase classname="analyzer.ConsumerAnalyzerTest" name="da_summaryVerifyTooltips" time="0.0">
    <ignored/>
  </testcase> <!-- da_summaryVerifyTooltips -->
  <testcase classname="analyzer.ConsumerAnalyzerTest" name="ch_dependents" time="0.0">
    <ignored/>
  </testcase> <!-- ch_dependents -->
  <testcase classname="analyzer.ConsumerAnalyzerTest" name="cj_whyAsk" time="0.0">
    <ignored/>
  </testcase> <!-- cj_whyAsk -->
  <testcase classname="analyzer.ConsumerAnalyzerTest" name="cf_payedInstallments" time="0.0">
    <ignored/>
  </testcase> <!-- cf_payedInstallments -->
  <testcase classname="analyzer.ConsumerAnalyzerTest" name="bb_InstalltmentsCount" time="0.0">
    <ignored/>
  </testcase> <!-- bb_InstalltmentsCount -->
  <testcase classname="analyzer.ConsumerAnalyzerTest" name="cc_sourceOfIncome" time="0.0">
    <ignored/>
  </testcase> <!-- cc_sourceOfIncome -->
  <testcase classname="analyzer.ConsumerAnalyzerTest" name="ca_component" time="0.0">
    <ignored/>
  </testcase> <!-- ca_component -->
  <testcase classname="analyzer.ConsumerAnalyzerTest" name="bd_relationAmountInstallments" time="0.0">
    <ignored/>
  </testcase> <!-- bd_relationAmountInstallments -->
  <testcase classname="analyzer.ConsumerAnalyzerTest" name="dd_summaryRemain" time="0.0">
    <ignored/>
  </testcase> <!-- dd_summaryRemain -->
  <testcase classname="analyzer.ConsumerAnalyzerTest" name="ci_houeseholdExpenses" time="0.0">
    <ignored/>
  </testcase> <!-- ci_houeseholdExpenses -->
  <testcase classname="analyzer.ConsumerAnalyzerTest" name="be_verifyTooltips" time="0.0">
    <ignored/>
  </testcase> <!-- be_verifyTooltips -->
  <testcase classname="analyzer.ConsumerAnalyzerTest" name="cb_verifyTooltips" time="0.0">
    <ignored/>
  </testcase> <!-- cb_verifyTooltips -->
  <testcase classname="analyzer.ConsumerAnalyzerTest" name="db_summaryCreditCriteriaSummary" time="0.0">
    <ignored/>
  </testcase> <!-- db_summaryCreditCriteriaSummary -->
  <testcase classname="analyzer.ConsumerAnalyzerTest" name="aa_Zaloguj" time="0.0">
    <ignored/>
  </testcase> <!-- aa_Zaloguj -->
  <testcase classname="analyzer.ConsumerAnalyzerTest" name="dc_summarySeeMoreLess" time="0.0">
    <ignored/>
  </testcase> <!-- dc_summarySeeMoreLess -->
</testsuite> <!-- TestConsumerAnalyzer(failed) -->
