<html>
<head>
<title>TestNG:  ConsumerCreditPage3</title>
<link href="../testng.css" rel="stylesheet" type="text/css" />
<link href="../my-testng.css" rel="stylesheet" type="text/css" />

<style type="text/css">
.log { display: none;} 
.stack-trace { display: none;} 
</style>
<script type="text/javascript">
<!--
function flip(e) {
  current = e.style.display;
  if (current == 'block') {
    e.style.display = 'none';
    return 0;
  }
  else {
    e.style.display = 'block';
    return 1;
  }
}

function toggleBox(szDivId, elem, msg1, msg2)
{
  var res = -1;  if (document.getElementById) {
    res = flip(document.getElementById(szDivId));
  }
  else if (document.all) {
    // this is the way old msie versions work
    res = flip(document.all[szDivId]);
  }
  if(elem) {
    if(res == 0) elem.innerHTML = msg1; else elem.innerHTML = msg2;
  }

}

function toggleAllBoxes() {
  if (document.getElementsByTagName) {
    d = document.getElementsByTagName('div');
    for (i = 0; i < d.length; i++) {
      if (d[i].className == 'log') {
        flip(d[i]);
      }
    }
  }
}

// -->
</script>

</head>
<body>
<h2 align='center'>ConsumerCreditPage3</h2><table border='1' align="center">
<tr>
<td>Tests passed/Failed/Skipped:</td><td>25/1/0</td>
</tr><tr>
<td>Started on:</td><td>Sun Nov 08 17:12:58 CET 2020</td>
</tr>
<tr><td>Total time:</td><td>50 seconds (50621 ms)</td>
</tr><tr>
<td>Included groups:</td><td></td>
</tr><tr>
<td>Excluded groups:</td><td></td>
</tr>
</table><p/>
<small><i>(Hover the method name to see the test class name)</i></small><p/>
<table width='100%' border='1' class='invocation-failed'>
<tr><td colspan='4' align='center'><b>FAILED TESTS</b></td></tr>
<tr><td><b>Test method</b></td>
<td width="30%"><b>Exception</b></td>
<td width="10%"><b>Time (seconds)</b></td>
<td><b>Instance</b></td>
</tr>
<tr>
<td title='analyzer.consumer_credit.Page3Test.m_monthIncomeLessThanInstallment()'><b>m_monthIncomeLessThanInstallment</b><br>Test class: analyzer.consumer_credit.Page3Test</td>
<td><div><pre>org.openqa.selenium.TimeoutException: Expected condition failed: waiting for visibility of Proxy element for: DefaultElementLocator &apos;By.xpath: //input[@id=&apos;month-finance2&apos;]&apos; (tried for 5 second(s) with 500 milliseconds interval)
	at org.openqa.selenium.support.ui.WebDriverWait.timeoutException(WebDriverWait.java:95)
	at org.openqa.selenium.support.ui.FluentWait.until(FluentWait.java:272)
	at pageObjects.AnalyzerPage3Objects.monthIncome2(AnalyzerPage3Objects.java:231)
	at analyzer.AnalyzerPage3Methods.monthIncomeLessThanInstallment(AnalyzerPage3Methods.java:329)
	at analyzer.consumer_credit.Page3Test.m_monthIncomeLessThanInstallment(Page3Test.java:179)
	at java.base/java.util.ArrayList.forEach(ArrayList.java:1541)
Caused by: org.openqa.selenium.NoSuchElementException: no such element: Unable to locate element: {&quot;method&quot;:&quot;xpath&quot;,&quot;selector&quot;:&quot;//input[@id=&apos;month-finance2&apos;]&quot;}
  (Session info: chrome=86.0.4240.183)
For documentation on this error, please visit: https://www.seleniumhq.org/exceptions/no_such_element.html
Build info: version: &apos;3.141.59&apos;, revision: &apos;e82be7d358&apos;, time: &apos;2018-11-14T08:25:48&apos;
System info: host: &apos;L86HQ1Z2&apos;, ip: &apos;192.168.1.16&apos;, os.name: &apos;Windows 10&apos;, os.arch: &apos;amd64&apos;, os.version: &apos;10.0&apos;, java.version: &apos;11.0.8&apos;
Driver info: org.openqa.selenium.chrome.ChromeDriver
Capabilities {acceptInsecureCerts: false, browserName: chrome, browserVersion: 86.0.4240.183, chrome: {chromedriverVersion: 85.0.4183.87 (cd6713ebf92fa..., userDataDir: C:\Users\IGA~1.GAW\AppData\...}, goog:chromeOptions: {debuggerAddress: localhost:51146}, javascriptEnabled: true, networkConnectionEnabled: false, pageLoadStrategy: normal, platform: WINDOWS, platformName: WINDOWS, proxy: Proxy(), setWindowRect: true, strictFileInteractability: false, timeouts: {implicit: 0, pageLoad: 300000, script: 30000}, unhandledPromptBehavior: dismiss and notify, webauthn:virtualAuthenticators: true}
Session ID: 67c68ac140b904ee415daaf27dcf2d93
*** Element info: {Using=xpath, value=//input[@id=&apos;month-finance2&apos;]}
	at org.openqa.selenium.remote.http.W3CHttpResponseCodec.createException(W3CHttpResponseCodec.java:187)
	at org.openqa.selenium.remote.http.W3CHttpResponseCodec.decode(W3CHttpResponseCodec.java:122)
	at org.openqa.selenium.remote.http.W3CHttpResponseCodec.decode(W3CHttpResponseCodec.java:49)
	at org.openqa.selenium.remote.HttpCommandExecutor.execute(HttpCommandExecutor.java:158)
	at org.openqa.selenium.remote.service.DriverCommandExecutor.execute(DriverCommandExecutor.java:83)
	at org.openqa.selenium.remote.RemoteWebDriver.execute(RemoteWebDriver.java:552)
	at org.openqa.selenium.remote.RemoteWebDriver.findElement(RemoteWebDriver.java:323)
	at org.openqa.selenium.remote.RemoteWebDriver.findElementByXPath(RemoteWebDriver.java:428)
	at org.openqa.selenium.By$ByXPath.findElement(By.java:353)
	at org.openqa.selenium.remote.RemoteWebDriver.findElement(RemoteWebDriver.java:315)
	at org.openqa.selenium.support.pagefactory.DefaultElementLocator.findElement(DefaultElementLocator.java:69)
	at org.openqa.selenium.support.pagefactory.internal.LocatingElementHandler.invoke(LocatingElementHandler.java:38)
	at com.sun.proxy.$Proxy13.isDisplayed(Unknown Source)
	at org.openqa.selenium.support.ui.ExpectedConditions.elementIfVisible(ExpectedConditions.java:314)
	at org.openqa.selenium.support.ui.ExpectedConditions.access$000(ExpectedConditions.java:43)
	at org.openqa.selenium.support.ui.ExpectedConditions$10.apply(ExpectedConditions.java:300)
	at org.openqa.selenium.support.ui.ExpectedConditions$10.apply(ExpectedConditions.java:297)
	at org.openqa.selenium.support.ui.FluentWait.until(FluentWait.java:249)
	... 31 more
... Removed 30 stack frames</pre></div><a href='#' onClick='toggleBox("stack-trace1563899796", this, "Click to show all stack frames", "Click to hide stack frames")'>Click to show all stack frames</a>
<div class='stack-trace' id='stack-trace1563899796'><pre>org.openqa.selenium.TimeoutException: Expected condition failed: waiting for visibility of Proxy element for: DefaultElementLocator &apos;By.xpath: //input[@id=&apos;month-finance2&apos;]&apos; (tried for 5 second(s) with 500 milliseconds interval)
	at org.openqa.selenium.support.ui.WebDriverWait.timeoutException(WebDriverWait.java:95)
	at org.openqa.selenium.support.ui.FluentWait.until(FluentWait.java:272)
	at pageObjects.AnalyzerPage3Objects.monthIncome2(AnalyzerPage3Objects.java:231)
	at analyzer.AnalyzerPage3Methods.monthIncomeLessThanInstallment(AnalyzerPage3Methods.java:329)
	at analyzer.consumer_credit.Page3Test.m_monthIncomeLessThanInstallment(Page3Test.java:179)
	at java.base/jdk.internal.reflect.NativeMethodAccessorImpl.invoke0(Native Method)
	at java.base/jdk.internal.reflect.NativeMethodAccessorImpl.invoke(NativeMethodAccessorImpl.java:62)
	at java.base/jdk.internal.reflect.DelegatingMethodAccessorImpl.invoke(DelegatingMethodAccessorImpl.java:43)
	at java.base/java.lang.reflect.Method.invoke(Method.java:566)
	at org.testng.internal.MethodInvocationHelper.invokeMethod(MethodInvocationHelper.java:132)
	at org.testng.internal.TestInvoker.invokeMethod(TestInvoker.java:599)
	at org.testng.internal.TestInvoker.invokeTestMethod(TestInvoker.java:174)
	at org.testng.internal.MethodRunner.runInSequence(MethodRunner.java:46)
	at org.testng.internal.TestInvoker$MethodInvocationAgent.invoke(TestInvoker.java:822)
	at org.testng.internal.TestInvoker.invokeTestMethods(TestInvoker.java:147)
	at org.testng.internal.TestMethodWorker.invokeTestMethods(TestMethodWorker.java:146)
	at org.testng.internal.TestMethodWorker.run(TestMethodWorker.java:128)
	at java.base/java.util.ArrayList.forEach(ArrayList.java:1541)
	at org.testng.TestRunner.privateRun(TestRunner.java:764)
	at org.testng.TestRunner.run(TestRunner.java:585)
	at org.testng.SuiteRunner.runTest(SuiteRunner.java:384)
	at org.testng.SuiteRunner.runSequentially(SuiteRunner.java:378)
	at org.testng.SuiteRunner.privateRun(SuiteRunner.java:337)
	at org.testng.SuiteRunner.run(SuiteRunner.java:286)
	at org.testng.SuiteRunnerWorker.runSuite(SuiteRunnerWorker.java:53)
	at org.testng.SuiteRunnerWorker.run(SuiteRunnerWorker.java:96)
	at org.testng.TestNG.runSuitesSequentially(TestNG.java:1218)
	at org.testng.TestNG.runSuitesLocally(TestNG.java:1140)
	at org.testng.TestNG.runSuites(TestNG.java:1069)
	at org.testng.TestNG.run(TestNG.java:1037)
	at org.testng.remote.AbstractRemoteTestNG.run(AbstractRemoteTestNG.java:115)
	at org.testng.remote.RemoteTestNG.initAndRun(RemoteTestNG.java:251)
	at org.testng.remote.RemoteTestNG.main(RemoteTestNG.java:77)
Caused by: org.openqa.selenium.NoSuchElementException: no such element: Unable to locate element: {&quot;method&quot;:&quot;xpath&quot;,&quot;selector&quot;:&quot;//input[@id=&apos;month-finance2&apos;]&quot;}
  (Session info: chrome=86.0.4240.183)
For documentation on this error, please visit: https://www.seleniumhq.org/exceptions/no_such_element.html
Build info: version: &apos;3.141.59&apos;, revision: &apos;e82be7d358&apos;, time: &apos;2018-11-14T08:25:48&apos;
System info: host: &apos;L86HQ1Z2&apos;, ip: &apos;192.168.1.16&apos;, os.name: &apos;Windows 10&apos;, os.arch: &apos;amd64&apos;, os.version: &apos;10.0&apos;, java.version: &apos;11.0.8&apos;
Driver info: org.openqa.selenium.chrome.ChromeDriver
Capabilities {acceptInsecureCerts: false, browserName: chrome, browserVersion: 86.0.4240.183, chrome: {chromedriverVersion: 85.0.4183.87 (cd6713ebf92fa..., userDataDir: C:\Users\IGA~1.GAW\AppData\...}, goog:chromeOptions: {debuggerAddress: localhost:51146}, javascriptEnabled: true, networkConnectionEnabled: false, pageLoadStrategy: normal, platform: WINDOWS, platformName: WINDOWS, proxy: Proxy(), setWindowRect: true, strictFileInteractability: false, timeouts: {implicit: 0, pageLoad: 300000, script: 30000}, unhandledPromptBehavior: dismiss and notify, webauthn:virtualAuthenticators: true}
Session ID: 67c68ac140b904ee415daaf27dcf2d93
*** Element info: {Using=xpath, value=//input[@id=&apos;month-finance2&apos;]}
	at jdk.internal.reflect.GeneratedConstructorAccessor13.newInstance(Unknown Source)
	at java.base/jdk.internal.reflect.DelegatingConstructorAccessorImpl.newInstance(DelegatingConstructorAccessorImpl.java:45)
	at java.base/java.lang.reflect.Constructor.newInstance(Constructor.java:490)
	at org.openqa.selenium.remote.http.W3CHttpResponseCodec.createException(W3CHttpResponseCodec.java:187)
	at org.openqa.selenium.remote.http.W3CHttpResponseCodec.decode(W3CHttpResponseCodec.java:122)
	at org.openqa.selenium.remote.http.W3CHttpResponseCodec.decode(W3CHttpResponseCodec.java:49)
	at org.openqa.selenium.remote.HttpCommandExecutor.execute(HttpCommandExecutor.java:158)
	at org.openqa.selenium.remote.service.DriverCommandExecutor.execute(DriverCommandExecutor.java:83)
	at org.openqa.selenium.remote.RemoteWebDriver.execute(RemoteWebDriver.java:552)
	at org.openqa.selenium.remote.RemoteWebDriver.findElement(RemoteWebDriver.java:323)
	at org.openqa.selenium.remote.RemoteWebDriver.findElementByXPath(RemoteWebDriver.java:428)
	at org.openqa.selenium.By$ByXPath.findElement(By.java:353)
	at org.openqa.selenium.remote.RemoteWebDriver.findElement(RemoteWebDriver.java:315)
	at org.openqa.selenium.support.pagefactory.DefaultElementLocator.findElement(DefaultElementLocator.java:69)
	at org.openqa.selenium.support.pagefactory.internal.LocatingElementHandler.invoke(LocatingElementHandler.java:38)
	at com.sun.proxy.$Proxy13.isDisplayed(Unknown Source)
	at org.openqa.selenium.support.ui.ExpectedConditions.elementIfVisible(ExpectedConditions.java:314)
	at org.openqa.selenium.support.ui.ExpectedConditions.access$000(ExpectedConditions.java:43)
	at org.openqa.selenium.support.ui.ExpectedConditions$10.apply(ExpectedConditions.java:300)
	at org.openqa.selenium.support.ui.ExpectedConditions$10.apply(ExpectedConditions.java:297)
	at org.openqa.selenium.support.ui.FluentWait.until(FluentWait.java:249)
	... 31 more
</pre></div></td>
<td>5</td>
<td>analyzer.consumer_credit.Page3Test@34f5090e</td></tr>
</table><p>
<table width='100%' border='1' class='invocation-passed'>
<tr><td colspan='4' align='center'><b>PASSED TESTS</b></td></tr>
<tr><td><b>Test method</b></td>
<td width="30%"><b>Exception</b></td>
<td width="10%"><b>Time (seconds)</b></td>
<td><b>Instance</b></td>
</tr>
<tr>
<td title='analyzer.consumer_credit.Page3Test.a_component()'><b>a_component</b><br>Test class: analyzer.consumer_credit.Page3Test</td>
<td></td>
<td>0</td>
<td>analyzer.consumer_credit.Page3Test@34f5090e</td></tr>
<tr>
<td title='analyzer.consumer_credit.Page3Test.b_backButtonDisplayed()'><b>b_backButtonDisplayed</b><br>Test class: analyzer.consumer_credit.Page3Test</td>
<td></td>
<td>0</td>
<td>analyzer.consumer_credit.Page3Test@34f5090e</td></tr>
<tr>
<td title='analyzer.consumer_credit.Page3Test.c_backButton()'><b>c_backButton</b><br>Test class: analyzer.consumer_credit.Page3Test</td>
<td></td>
<td>1</td>
<td>analyzer.consumer_credit.Page3Test@34f5090e</td></tr>
<tr>
<td title='analyzer.consumer_credit.Page3Test.d_sourceOfIncomeTooltip()'><b>d_sourceOfIncomeTooltip</b><br>Test class: analyzer.consumer_credit.Page3Test</td>
<td></td>
<td>0</td>
<td>analyzer.consumer_credit.Page3Test@34f5090e</td></tr>
<tr>
<td title='analyzer.consumer_credit.Page3Test.e_monthIncomeTooltip()'><b>e_monthIncomeTooltip</b><br>Test class: analyzer.consumer_credit.Page3Test</td>
<td></td>
<td>0</td>
<td>analyzer.consumer_credit.Page3Test@34f5090e</td></tr>
<tr>
<td title='analyzer.consumer_credit.Page3Test.f_legalChargesTooltip()'><b>f_legalChargesTooltip</b><br>Test class: analyzer.consumer_credit.Page3Test</td>
<td></td>
<td>0</td>
<td>analyzer.consumer_credit.Page3Test@34f5090e</td></tr>
<tr>
<td title='analyzer.consumer_credit.Page3Test.g_dependentsTooltip()'><b>g_dependentsTooltip</b><br>Test class: analyzer.consumer_credit.Page3Test</td>
<td></td>
<td>0</td>
<td>analyzer.consumer_credit.Page3Test@34f5090e</td></tr>
<tr>
<td title='analyzer.consumer_credit.Page3Test.h_householdExpensesTooltip()'><b>h_householdExpensesTooltip</b><br>Test class: analyzer.consumer_credit.Page3Test</td>
<td></td>
<td>0</td>
<td>analyzer.consumer_credit.Page3Test@34f5090e</td></tr>
<tr>
<td title='analyzer.consumer_credit.Page3Test.i_sourceOfIncomeIsEmpty()'><b>i_sourceOfIncomeIsEmpty</b><br>Test class: analyzer.consumer_credit.Page3Test</td>
<td></td>
<td>0</td>
<td>analyzer.consumer_credit.Page3Test@34f5090e</td></tr>
<tr>
<td title='analyzer.consumer_credit.Page3Test.isCreditTakerDisabled()'><b>isCreditTakerDisabled</b><br>Test class: analyzer.consumer_credit.Page3Test</td>
<td></td>
<td>5</td>
<td>analyzer.consumer_credit.Page3Test@34f5090e</td></tr>
<tr>
<td title='analyzer.consumer_credit.Page3Test.j_sourceOfIncomeIsNotEmpty()'><b>j_sourceOfIncomeIsNotEmpty</b><br>Test class: analyzer.consumer_credit.Page3Test</td>
<td></td>
<td>5</td>
<td>analyzer.consumer_credit.Page3Test@34f5090e</td></tr>
<tr>
<td title='analyzer.consumer_credit.Page3Test.k_monthIncomeIsEmpty()'><b>k_monthIncomeIsEmpty</b><br>Test class: analyzer.consumer_credit.Page3Test</td>
<td></td>
<td>0</td>
<td>analyzer.consumer_credit.Page3Test@34f5090e</td></tr>
<tr>
<td title='analyzer.consumer_credit.Page3Test.l_monthIncomeLessThanMin()'><b>l_monthIncomeLessThanMin</b><br>Test class: analyzer.consumer_credit.Page3Test</td>
<td></td>
<td>0</td>
<td>analyzer.consumer_credit.Page3Test@34f5090e</td></tr>
<tr>
<td title='analyzer.consumer_credit.Page3Test.n_monthIncomeMoreThanMax()'><b>n_monthIncomeMoreThanMax</b><br>Test class: analyzer.consumer_credit.Page3Test</td>
<td></td>
<td>0</td>
<td>analyzer.consumer_credit.Page3Test@34f5090e</td></tr>
<tr>
<td title='analyzer.consumer_credit.Page3Test.o_legalChargesIsEmpty()'><b>o_legalChargesIsEmpty</b><br>Test class: analyzer.consumer_credit.Page3Test</td>
<td></td>
<td>0</td>
<td>analyzer.consumer_credit.Page3Test@34f5090e</td></tr>
<tr>
<td title='analyzer.consumer_credit.Page3Test.p_legalChargesLessThanMin()'><b>p_legalChargesLessThanMin</b><br>Test class: analyzer.consumer_credit.Page3Test</td>
<td></td>
<td>0</td>
<td>analyzer.consumer_credit.Page3Test@34f5090e</td></tr>
<tr>
<td title='analyzer.consumer_credit.Page3Test.r_legalChargesMoreThanMax()'><b>r_legalChargesMoreThanMax</b><br>Test class: analyzer.consumer_credit.Page3Test</td>
<td></td>
<td>1</td>
<td>analyzer.consumer_credit.Page3Test@34f5090e</td></tr>
<tr>
<td title='analyzer.consumer_credit.Page3Test.s_payedInstallmentsText()'><b>s_payedInstallmentsText</b><br>Test class: analyzer.consumer_credit.Page3Test</td>
<td></td>
<td>0</td>
<td>analyzer.consumer_credit.Page3Test@34f5090e</td></tr>
<tr>
<td title='analyzer.consumer_credit.Page3Test.t_creditLimitsText()'><b>t_creditLimitsText</b><br>Test class: analyzer.consumer_credit.Page3Test</td>
<td></td>
<td>0</td>
<td>analyzer.consumer_credit.Page3Test@34f5090e</td></tr>
<tr>
<td title='analyzer.consumer_credit.Page3Test.u_dependents()'><b>u_dependents</b><br>Test class: analyzer.consumer_credit.Page3Test</td>
<td></td>
<td>1</td>
<td>analyzer.consumer_credit.Page3Test@34f5090e</td></tr>
<tr>
<td title='analyzer.consumer_credit.Page3Test.w_houeseholdExpensesIsEmpty()'><b>w_houeseholdExpensesIsEmpty</b><br>Test class: analyzer.consumer_credit.Page3Test</td>
<td></td>
<td>0</td>
<td>analyzer.consumer_credit.Page3Test@34f5090e</td></tr>
<tr>
<td title='analyzer.consumer_credit.Page3Test.y_householdExpensesLessThanMin()'><b>y_householdExpensesLessThanMin</b><br>Test class: analyzer.consumer_credit.Page3Test</td>
<td></td>
<td>0</td>
<td>analyzer.consumer_credit.Page3Test@34f5090e</td></tr>
<tr>
<td title='analyzer.consumer_credit.Page3Test.z_householdExpensesMoreThanMax()'><b>z_householdExpensesMoreThanMax</b><br>Test class: analyzer.consumer_credit.Page3Test</td>
<td></td>
<td>1</td>
<td>analyzer.consumer_credit.Page3Test@34f5090e</td></tr>
<tr>
<td title='analyzer.consumer_credit.Page3Test.za_whyAsk()'><b>za_whyAsk</b><br>Test class: analyzer.consumer_credit.Page3Test</td>
<td></td>
<td>0</td>
<td>analyzer.consumer_credit.Page3Test@34f5090e</td></tr>
<tr>
<td title='analyzer.consumer_credit.Page3Test.zb_count()'><b>zb_count</b><br>Test class: analyzer.consumer_credit.Page3Test</td>
<td></td>
<td>3</td>
<td>analyzer.consumer_credit.Page3Test@34f5090e</td></tr>
</table><p>
</body>
</html>