<?xml version="1.0" encoding="UTF-8"?>
<!-- Generated by org.testng.reporters.JUnitXMLReporter -->
<testsuite ignored="0" hostname="L86HQ1Z2" failures="1" tests="26" name="ConsumerCreditPage3" time="50.621" errors="0" timestamp="2020-11-08T17:13:48 CET">
  <testcase classname="analyzer.consumer_credit.Page3Test" name="a_component" time="0.287"/>
  <testcase classname="analyzer.consumer_credit.Page3Test" name="b_backButtonDisplayed" time="0.145"/>
  <testcase classname="analyzer.consumer_credit.Page3Test" name="c_backButton" time="1.248"/>
  <testcase classname="analyzer.consumer_credit.Page3Test" name="d_sourceOfIncomeTooltip" time="0.319"/>
  <testcase classname="analyzer.consumer_credit.Page3Test" name="e_monthIncomeTooltip" time="0.802"/>
  <testcase classname="analyzer.consumer_credit.Page3Test" name="f_legalChargesTooltip" time="0.801"/>
  <testcase classname="analyzer.consumer_credit.Page3Test" name="g_dependentsTooltip" time="0.26"/>
  <testcase classname="analyzer.consumer_credit.Page3Test" name="h_householdExpensesTooltip" time="0.245"/>
  <testcase classname="analyzer.consumer_credit.Page3Test" name="i_sourceOfIncomeIsEmpty" time="0.449"/>
  <testcase classname="analyzer.consumer_credit.Page3Test" name="isCreditTakerDisabled" time="5.248"/>
  <testcase classname="analyzer.consumer_credit.Page3Test" name="j_sourceOfIncomeIsNotEmpty" time="5.892"/>
  <testcase classname="analyzer.consumer_credit.Page3Test" name="k_monthIncomeIsEmpty" time="0.427"/>
  <testcase classname="analyzer.consumer_credit.Page3Test" name="l_monthIncomeLessThanMin" time="0.102"/>
  <testcase classname="analyzer.consumer_credit.Page3Test" name="m_monthIncomeLessThanInstallment" time="5.365">
    <failure type="org.openqa.selenium.TimeoutException" message="Expected condition failed: waiting for visibility of Proxy element for: DefaultElementLocator &amp;apos;By.xpath: //input[@id=&amp;apos;month-finance2&amp;apos;]&amp;apos; (tried for 5 second(s) with 500 milliseconds interval)">
      <![CDATA[org.openqa.selenium.TimeoutException: Expected condition failed: waiting for visibility of Proxy element for: DefaultElementLocator 'By.xpath: //input[@id='month-finance2']' (tried for 5 second(s) with 500 milliseconds interval)
at org.openqa.selenium.support.ui.WebDriverWait.timeoutException(WebDriverWait.java:95)
at org.openqa.selenium.support.ui.FluentWait.until(FluentWait.java:272)
at pageObjects.AnalyzerPage3Objects.monthIncome2(AnalyzerPage3Objects.java:231)
at analyzer.AnalyzerPage3Methods.monthIncomeLessThanInstallment(AnalyzerPage3Methods.java:329)
at analyzer.consumer_credit.Page3Test.m_monthIncomeLessThanInstallment(Page3Test.java:179)
at java.base/java.util.ArrayList.forEach(ArrayList.java:1541)
Caused by: org.openqa.selenium.NoSuchElementException: no such element: Unable to locate element: {"method":"xpath","selector":"//input[@id='month-finance2']"}
  (Session info: chrome=86.0.4240.183)
For documentation on this error, please visit: https://www.seleniumhq.org/exceptions/no_such_element.html
Build info: version: '3.141.59', revision: 'e82be7d358', time: '2018-11-14T08:25:48'
System info: host: 'L86HQ1Z2', ip: '192.168.1.16', os.name: 'Windows 10', os.arch: 'amd64', os.version: '10.0', java.version: '11.0.8'
Driver info: org.openqa.selenium.chrome.ChromeDriver
Capabilities {acceptInsecureCerts: false, browserName: chrome, browserVersion: 86.0.4240.183, chrome: {chromedriverVersion: 85.0.4183.87 (cd6713ebf92fa..., userDataDir: C:\Users\IGA~1.GAW\AppData\...}, goog:chromeOptions: {debuggerAddress: localhost:51146}, javascriptEnabled: true, networkConnectionEnabled: false, pageLoadStrategy: normal, platform: WINDOWS, platformName: WINDOWS, proxy: Proxy(), setWindowRect: true, strictFileInteractability: false, timeouts: {implicit: 0, pageLoad: 300000, script: 30000}, unhandledPromptBehavior: dismiss and notify, webauthn:virtualAuthenticators: true}
Session ID: 67c68ac140b904ee415daaf27dcf2d93
*** Element info: {Using=xpath, value=//input[@id='month-finance2']}
at org.openqa.selenium.remote.http.W3CHttpResponseCodec.createException(W3CHttpResponseCodec.java:187)
at org.openqa.selenium.remote.http.W3CHttpResponseCodec.decode(W3CHttpResponseCodec.java:122)
at org.openqa.selenium.remote.http.W3CHttpResponseCodec.decode(W3CHttpResponseCodec.java:49)
at org.openqa.selenium.remote.HttpCommandExecutor.execute(HttpCommandExecutor.java:158)
at org.openqa.selenium.remote.service.DriverCommandExecutor.execute(DriverCommandExecutor.java:83)
at org.openqa.selenium.remote.RemoteWebDriver.execute(RemoteWebDriver.java:552)
at org.openqa.selenium.remote.RemoteWebDriver.findElement(RemoteWebDriver.java:323)
at org.openqa.selenium.remote.RemoteWebDriver.findElementByXPath(RemoteWebDriver.java:428)
at org.openqa.selenium.By$ByXPath.findElement(By.java:353)
at org.openqa.selenium.remote.RemoteWebDriver.findElement(RemoteWebDriver.java:315)
at org.openqa.selenium.support.pagefactory.DefaultElementLocator.findElement(DefaultElementLocator.java:69)
at org.openqa.selenium.support.pagefactory.internal.LocatingElementHandler.invoke(LocatingElementHandler.java:38)
at com.sun.proxy.$Proxy13.isDisplayed(Unknown Source)
at org.openqa.selenium.support.ui.ExpectedConditions.elementIfVisible(ExpectedConditions.java:314)
at org.openqa.selenium.support.ui.ExpectedConditions.access$000(ExpectedConditions.java:43)
at org.openqa.selenium.support.ui.ExpectedConditions$10.apply(ExpectedConditions.java:300)
at org.openqa.selenium.support.ui.ExpectedConditions$10.apply(ExpectedConditions.java:297)
at org.openqa.selenium.support.ui.FluentWait.until(FluentWait.java:249)
... 31 more
... Removed 30 stack frames]]>
    </failure>
  </testcase> <!-- m_monthIncomeLessThanInstallment -->
  <testcase classname="analyzer.consumer_credit.Page3Test" name="n_monthIncomeMoreThanMax" time="0.316"/>
  <testcase classname="analyzer.consumer_credit.Page3Test" name="o_legalChargesIsEmpty" time="0.705"/>
  <testcase classname="analyzer.consumer_credit.Page3Test" name="p_legalChargesLessThanMin" time="0.109"/>
  <testcase classname="analyzer.consumer_credit.Page3Test" name="r_legalChargesMoreThanMax" time="1.494"/>
  <testcase classname="analyzer.consumer_credit.Page3Test" name="s_payedInstallmentsText" time="0.143"/>
  <testcase classname="analyzer.consumer_credit.Page3Test" name="t_creditLimitsText" time="0.146"/>
  <testcase classname="analyzer.consumer_credit.Page3Test" name="u_dependents" time="1.477"/>
  <testcase classname="analyzer.consumer_credit.Page3Test" name="w_houeseholdExpensesIsEmpty" time="0.708"/>
  <testcase classname="analyzer.consumer_credit.Page3Test" name="y_householdExpensesLessThanMin" time="0.112"/>
  <testcase classname="analyzer.consumer_credit.Page3Test" name="z_householdExpensesMoreThanMax" time="1.349"/>
  <testcase classname="analyzer.consumer_credit.Page3Test" name="za_whyAsk" time="0.452"/>
  <testcase classname="analyzer.consumer_credit.Page3Test" name="zb_count" time="3.246"/>
</testsuite> <!-- ConsumerCreditPage3 -->
