<?xml version="1.0" encoding="UTF-8"?>
<!-- Generated by org.testng.reporters.JUnitXMLReporter -->
<testsuite ignored="0" hostname="L86HQ1Z2" failures="0" tests="28" name="TestMortgageAnalyzerAlone" time="3.868" errors="0" timestamp="2020-10-12T20:02:13 CEST">
  <testcase classname="analyzer.MortgageAnalyzerTestAlone" name="@BeforeTest initialize" time="3.701">
    <failure type="org.openqa.selenium.InvalidArgumentException" message="invalid argument
  (Session info: chrome=85.0.4183.121)
Build info: version: &amp;apos;3.141.59&amp;apos;, revision: &amp;apos;e82be7d358&amp;apos;, time: &amp;apos;2018-11-14T08:25:48&amp;apos;
System info: host: &amp;apos;L86HQ1Z2&amp;apos;, ip: &amp;apos;192.168.1.16&amp;apos;, os.name: &amp;apos;Windows 10&amp;apos;, os.arch: &amp;apos;amd64&amp;apos;, os.version: &amp;apos;10.0&amp;apos;, java.version: &amp;apos;11.0.8&amp;apos;
Driver info: org.openqa.selenium.chrome.ChromeDriver
Capabilities {acceptInsecureCerts: false, browserName: chrome, browserVersion: 85.0.4183.121, chrome: {chromedriverVersion: 85.0.4183.87 (cd6713ebf92fa..., userDataDir: C:\Users\IGA~1.GAW\AppData\...}, goog:chromeOptions: {debuggerAddress: localhost:56086}, javascriptEnabled: true, networkConnectionEnabled: false, pageLoadStrategy: normal, platform: WINDOWS, platformName: WINDOWS, proxy: Proxy(), setWindowRect: true, strictFileInteractability: false, timeouts: {implicit: 0, pageLoad: 300000, script: 30000}, unhandledPromptBehavior: dismiss and notify, webauthn:virtualAuthenticators: true}
Session ID: 378396816e7ef94293069fca6ee89c8f">
      <![CDATA[org.openqa.selenium.InvalidArgumentException: invalid argument
  (Session info: chrome=85.0.4183.121)
Build info: version: '3.141.59', revision: 'e82be7d358', time: '2018-11-14T08:25:48'
System info: host: 'L86HQ1Z2', ip: '192.168.1.16', os.name: 'Windows 10', os.arch: 'amd64', os.version: '10.0', java.version: '11.0.8'
Driver info: org.openqa.selenium.chrome.ChromeDriver
Capabilities {acceptInsecureCerts: false, browserName: chrome, browserVersion: 85.0.4183.121, chrome: {chromedriverVersion: 85.0.4183.87 (cd6713ebf92fa..., userDataDir: C:\Users\IGA~1.GAW\AppData\...}, goog:chromeOptions: {debuggerAddress: localhost:56086}, javascriptEnabled: true, networkConnectionEnabled: false, pageLoadStrategy: normal, platform: WINDOWS, platformName: WINDOWS, proxy: Proxy(), setWindowRect: true, strictFileInteractability: false, timeouts: {implicit: 0, pageLoad: 300000, script: 30000}, unhandledPromptBehavior: dismiss and notify, webauthn:virtualAuthenticators: true}
Session ID: 378396816e7ef94293069fca6ee89c8f
at org.openqa.selenium.remote.http.W3CHttpResponseCodec.createException(W3CHttpResponseCodec.java:187)
at org.openqa.selenium.remote.http.W3CHttpResponseCodec.decode(W3CHttpResponseCodec.java:122)
at org.openqa.selenium.remote.http.W3CHttpResponseCodec.decode(W3CHttpResponseCodec.java:49)
at org.openqa.selenium.remote.HttpCommandExecutor.execute(HttpCommandExecutor.java:158)
at org.openqa.selenium.remote.service.DriverCommandExecutor.execute(DriverCommandExecutor.java:83)
at org.openqa.selenium.remote.RemoteWebDriver.execute(RemoteWebDriver.java:552)
at org.openqa.selenium.remote.RemoteWebDriver.get(RemoteWebDriver.java:277)
at base.Base.initializeDriver(Base.java:71)
at analyzer.MortgageAnalyzerTestAlone.initialize(MortgageAnalyzerTestAlone.java:38)
... Removed 28 stack frames]]>
    </failure>
  </testcase> <!-- @BeforeTest initialize -->
  <testcase classname="analyzer.MortgageAnalyzerTestAlone" name="aa_Zaloguj" time="0.0">
    <skipped/>
  </testcase> <!-- aa_Zaloguj -->
  <testcase classname="analyzer.MortgageAnalyzerTestAlone" name="aa_wasCalculationBefore" time="0.0">
    <skipped/>
  </testcase> <!-- aa_wasCalculationBefore -->
  <testcase classname="analyzer.MortgageAnalyzerTestAlone" name="ab_TypeCredit" time="0.0">
    <skipped/>
  </testcase> <!-- ab_TypeCredit -->
  <testcase classname="analyzer.MortgageAnalyzerTestAlone" name="ba_PropertyValue" time="0.0">
    <skipped/>
  </testcase> <!-- ba_PropertyValue -->
  <testcase classname="analyzer.MortgageAnalyzerTestAlone" name="bb_CreditAmount" time="0.0">
    <skipped/>
  </testcase> <!-- bb_CreditAmount -->
  <testcase classname="analyzer.MortgageAnalyzerTestAlone" name="bba_checkboxSelected" time="0.0">
    <skipped/>
  </testcase> <!-- bba_checkboxSelected -->
  <testcase classname="analyzer.MortgageAnalyzerTestAlone" name="bc_InstalltmentsCount" time="0.0">
    <skipped/>
  </testcase> <!-- bc_InstalltmentsCount -->
  <testcase classname="analyzer.MortgageAnalyzerTestAlone" name="bd_InstalltmentsValue" time="0.0">
    <skipped/>
  </testcase> <!-- bd_InstalltmentsValue -->
  <testcase classname="analyzer.MortgageAnalyzerTestAlone" name="be_relationAmountInstallments" time="0.0">
    <skipped/>
  </testcase> <!-- be_relationAmountInstallments -->
  <testcase classname="analyzer.MortgageAnalyzerTestAlone" name="bf_verifyTooltips" time="0.0">
    <skipped/>
  </testcase> <!-- bf_verifyTooltips -->
  <testcase classname="analyzer.MortgageAnalyzerTestAlone" name="bg_submit" time="0.0">
    <skipped/>
  </testcase> <!-- bg_submit -->
  <testcase classname="analyzer.MortgageAnalyzerTestAlone" name="ca_component" time="0.0">
    <skipped/>
  </testcase> <!-- ca_component -->
  <testcase classname="analyzer.MortgageAnalyzerTestAlone" name="cb_backButton" time="0.0">
    <skipped/>
  </testcase> <!-- cb_backButton -->
  <testcase classname="analyzer.MortgageAnalyzerTestAlone" name="cb_verifyTooltips" time="0.0">
    <skipped/>
  </testcase> <!-- cb_verifyTooltips -->
  <testcase classname="analyzer.MortgageAnalyzerTestAlone" name="cc_creditTaker" time="0.0">
    <skipped/>
  </testcase> <!-- cc_creditTaker -->
  <testcase classname="analyzer.MortgageAnalyzerTestAlone" name="cd_sourceOfIncome" time="0.0">
    <skipped/>
  </testcase> <!-- cd_sourceOfIncome -->
  <testcase classname="analyzer.MortgageAnalyzerTestAlone" name="ce_MonthIncome" time="0.0">
    <skipped/>
  </testcase> <!-- ce_MonthIncome -->
  <testcase classname="analyzer.MortgageAnalyzerTestAlone" name="cf_legalCharges" time="0.0">
    <skipped/>
  </testcase> <!-- cf_legalCharges -->
  <testcase classname="analyzer.MortgageAnalyzerTestAlone" name="cg_payedInstallments" time="0.0">
    <skipped/>
  </testcase> <!-- cg_payedInstallments -->
  <testcase classname="analyzer.MortgageAnalyzerTestAlone" name="ch_creditLimits" time="0.0">
    <skipped/>
  </testcase> <!-- ch_creditLimits -->
  <testcase classname="analyzer.MortgageAnalyzerTestAlone" name="ci_dependents" time="0.0">
    <skipped/>
  </testcase> <!-- ci_dependents -->
  <testcase classname="analyzer.MortgageAnalyzerTestAlone" name="cj_houeseholdExpenses" time="0.0">
    <skipped/>
  </testcase> <!-- cj_houeseholdExpenses -->
  <testcase classname="analyzer.MortgageAnalyzerTestAlone" name="ck_whyAsk" time="0.0">
    <skipped/>
  </testcase> <!-- ck_whyAsk -->
  <testcase classname="analyzer.MortgageAnalyzerTestAlone" name="cl_count" time="0.0">
    <skipped/>
  </testcase> <!-- cl_count -->
  <testcase classname="analyzer.MortgageAnalyzerTestAlone" name="da_summaryVerifyTooltips" time="0.0">
    <skipped/>
  </testcase> <!-- da_summaryVerifyTooltips -->
  <testcase classname="analyzer.MortgageAnalyzerTestAlone" name="db_summaryCreditCriteriaSummary" time="0.0">
    <skipped/>
  </testcase> <!-- db_summaryCreditCriteriaSummary -->
  <testcase classname="analyzer.MortgageAnalyzerTestAlone" name="dc_summarySeeMoreLess" time="0.0">
    <skipped/>
  </testcase> <!-- dc_summarySeeMoreLess -->
  <testcase classname="analyzer.MortgageAnalyzerTestAlone" name="dd_summaryRemain" time="0.0">
    <skipped/>
  </testcase> <!-- dd_summaryRemain -->
</testsuite> <!-- TestMortgageAnalyzerAlone -->
