<?xml version="1.0" encoding="UTF-8"?>
<!-- Generated by org.testng.reporters.JUnitXMLReporter -->
<testsuite ignored="0" hostname="L86HQ1Z2" failures="0" tests="19" name="Default test" time="0.079" errors="0" timestamp="2020-10-09T14:47:56 CEST">
  <testcase classname="analyzer.MortgageAnalyzerTestWithCotaker" name="@BeforeTest initialize" time="-1.60224767628E9">
    <failure type="org.testng.TestNGException" message="
Parameter &amp;apos;environment&amp;apos; is required by BeforeTest on method initialize but has not been marked @Optional or defined
in C:\Users\iga.gawinkowska\AppData\Local\Temp\testng-eclipse-1745295558\testng-customsuite.xml">
      <![CDATA[org.testng.TestNGException: 
Parameter 'environment' is required by BeforeTest on method initialize but has not been marked @Optional or defined
in C:\Users\iga.gawinkowska\AppData\Local\Temp\testng-eclipse-1745295558\testng-customsuite.xml
at org.testng.internal.Parameters.createParams(Parameters.java:268)
at org.testng.internal.Parameters.createParametersForMethod(Parameters.java:356)
at org.testng.internal.Parameters.createParameters(Parameters.java:700)
at org.testng.internal.Parameters.createConfigurationParameters(Parameters.java:166)
at org.testng.internal.ConfigInvoker.invokeConfigurations(ConfigInvoker.java:301)
at org.testng.TestRunner.invokeTestConfigurations(TestRunner.java:617)
at org.testng.TestRunner.beforeRun(TestRunner.java:607)
at org.testng.TestRunner.run(TestRunner.java:578)
at org.testng.SuiteRunner.runTest(SuiteRunner.java:384)
at org.testng.SuiteRunner.runSequentially(SuiteRunner.java:378)
at org.testng.SuiteRunner.privateRun(SuiteRunner.java:337)
at org.testng.SuiteRunner.run(SuiteRunner.java:286)
at org.testng.SuiteRunnerWorker.runSuite(SuiteRunnerWorker.java:53)
at org.testng.SuiteRunnerWorker.run(SuiteRunnerWorker.java:96)
at org.testng.TestNG.runSuitesSequentially(TestNG.java:1218)
at org.testng.TestNG.runSuitesLocally(TestNG.java:1140)
at org.testng.TestNG.runSuites(TestNG.java:1069)
at org.testng.TestNG.run(TestNG.java:1037)
at org.testng.remote.AbstractRemoteTestNG.run(AbstractRemoteTestNG.java:115)
at org.testng.remote.RemoteTestNG.initAndRun(RemoteTestNG.java:251)
at org.testng.remote.RemoteTestNG.main(RemoteTestNG.java:77)
]]>
    </failure>
  </testcase> <!-- @BeforeTest initialize -->
  <testcase classname="analyzer.MortgageAnalyzerTestWithCotaker" name="aa_Zaloguj" time="0.0">
    <skipped/>
  </testcase> <!-- aa_Zaloguj -->
  <testcase classname="analyzer.MortgageAnalyzerTestWithCotaker" name="aa_wasCalculationBefore" time="0.0">
    <skipped/>
  </testcase> <!-- aa_wasCalculationBefore -->
  <testcase classname="analyzer.MortgageAnalyzerTestWithCotaker" name="ab_TypeCredit" time="0.0">
    <skipped/>
  </testcase> <!-- ab_TypeCredit -->
  <testcase classname="analyzer.MortgageAnalyzerTestWithCotaker" name="ba_PropertyValue" time="0.0">
    <skipped/>
  </testcase> <!-- ba_PropertyValue -->
  <testcase classname="analyzer.MortgageAnalyzerTestWithCotaker" name="bb_CreditAmount" time="0.0">
    <skipped/>
  </testcase> <!-- bb_CreditAmount -->
  <testcase classname="analyzer.MortgageAnalyzerTestWithCotaker" name="bba_checkboxSelected" time="0.0">
    <skipped/>
  </testcase> <!-- bba_checkboxSelected -->
  <testcase classname="analyzer.MortgageAnalyzerTestWithCotaker" name="bc_InstalltmentsCount" time="0.0">
    <skipped/>
  </testcase> <!-- bc_InstalltmentsCount -->
  <testcase classname="analyzer.MortgageAnalyzerTestWithCotaker" name="bd_InstalltmentsValue" time="0.0">
    <skipped/>
  </testcase> <!-- bd_InstalltmentsValue -->
  <testcase classname="analyzer.MortgageAnalyzerTestWithCotaker" name="be_relationAmountInstallments" time="0.0">
    <skipped/>
  </testcase> <!-- be_relationAmountInstallments -->
  <testcase classname="analyzer.MortgageAnalyzerTestWithCotaker" name="bf_verifyTooltips" time="0.0">
    <skipped/>
  </testcase> <!-- bf_verifyTooltips -->
  <testcase classname="analyzer.MortgageAnalyzerTestWithCotaker" name="bg_submit" time="0.0">
    <skipped/>
  </testcase> <!-- bg_submit -->
  <testcase classname="analyzer.MortgageAnalyzerTestWithCotaker" name="ca_component" time="0.0">
    <skipped/>
  </testcase> <!-- ca_component -->
  <testcase classname="analyzer.MortgageAnalyzerTestWithCotaker" name="cb_backButton" time="0.0">
    <skipped/>
  </testcase> <!-- cb_backButton -->
  <testcase classname="analyzer.MortgageAnalyzerTestWithCotaker" name="cb_verifyTooltips" time="0.0">
    <skipped/>
  </testcase> <!-- cb_verifyTooltips -->
  <testcase classname="analyzer.MortgageAnalyzerTestWithCotaker" name="cc_creditTaker" time="0.0">
    <skipped/>
  </testcase> <!-- cc_creditTaker -->
  <testcase classname="analyzer.MortgageAnalyzerTestWithCotaker" name="cd_sourceOfIncome" time="0.0">
    <skipped/>
  </testcase> <!-- cd_sourceOfIncome -->
  <testcase classname="analyzer.MortgageAnalyzerTestWithCotaker" name="cd_sourceOfIncome2" time="0.0">
    <skipped/>
  </testcase> <!-- cd_sourceOfIncome2 -->
  <testcase classname="analyzer.MortgageAnalyzerTestWithCotaker" name="ce_MonthIncome2" time="0.0">
    <skipped/>
  </testcase> <!-- ce_MonthIncome2 -->
  <testcase classname="analyzer.MortgageAnalyzerTestWithCotaker" name="cf_legalCharges2" time="0.0">
    <skipped/>
  </testcase> <!-- cf_legalCharges2 -->
</testsuite> <!-- Default test -->
